<?xml version="1.0" encoding="UTF-8"?>
<testng-results ignored="0" total="1" passed="1" failed="0" skipped="0">
  <reporter-output>
  </reporter-output>
  <suite started-at="2022-04-01T17:59:03Z" name="Default suite" finished-at="2022-04-01T17:59:18Z" duration-ms="15013">
    <groups>
    </groups>
    <test started-at="2022-04-01T17:59:03Z" name="Default test" finished-at="2022-04-01T17:59:18Z" duration-ms="15013">
      <class name="TestCases.LoginApplication">
        <test-method signature="login()[pri:0, instance:TestCases.LoginApplication@27d5a580]" started-at="2022-04-01T17:59:03Z" name="login" finished-at="2022-04-01T17:59:18Z" duration-ms="14982" status="PASS">
          <reporter-output>
          </reporter-output>
        </test-method> <!-- login -->
      </class> <!-- TestCases.LoginApplication -->
    </test> <!-- Default test -->
  </suite> <!-- Default suite -->
</testng-results>
